Build started 2014/4/2 11:44:48.
     1>Project "D:\cc\cocos2d-2.0-x-2.0.4\snakev1\snakev1\proj.win32\snakev1.win32.vcxproj" on node 2 (build target(s)).
     1>InitializeBuildStatus:
         Creating "Debug.win32\snakev1.win32.unsuccessfulbuild" because "AlwaysCreate" was specified.
       ClCompile:
         D:\vs2010\VC\bin\CL.exe /c /I. /I..\Classes /I"D:\cc\cocos2d-2.0-x-2.0.4\snakev1\cocos2dx" /I"D:\cc\cocos2d-2.0-x-2.0.4\snakev1\cocos2dx\include" /I"D:\cc\cocos2d-2.0-x-2.0.4\snakev1\cocos2dx\kazmath\include" /I"D:\cc\cocos2d-2.0-x-2.0.4\snakev1\cocos2dx\platform\win32" /I"D:\cc\cocos2d-2.0-x-2.0.4\snakev1\cocos2dx\platform\third_party\win32" /I"D:\cc\cocos2d-2.0-x-2.0.4\snakev1\cocos2dx\platform\third_party\win32\OGLES" /I"D:\cc\cocos2d-2.0-x-2.0.4\snakev1\CocosDenshion\include" /ZI /nologo /W3 /WX- /Od /Oy- /D WIN32 /D _WINDOWS /D STRICT /D _CRT_SECURE_NO_WARNINGS /D _SCL_SECURE_NO_WARNINGS_DEBUG /D COCOS2D_DEBUG=1 /D _UNICODE /D UNICODE /Gm /EHsc /RTC1 /MDd /GS /fp:precise /Zc:wchar_t /Zc:forScope /Fo"Debug.win32\\" /Fd"Debug.win32\vc100.pdb" /Gd /TP /wd4267 /wd4251 /wd4244 /analyze- /errorReport:prompt ..\Classes\AppDelegate.cpp ..\Classes\SnakeScene.cpp IntroLayer.cpp
         SnakeScene.cpp
     1>d:\cc\cocos2d-2.0-x-2.0.4\snakev1\snakev1\classes\snakescene.cpp(210): warning C4996: 'itoa': The POSIX name for this item is deprecated. Instead, use the ISO C++ conformant name: _itoa. See online help for details.
                 d:\vs2010\vc\include\stdlib.h(867) : see declaration of 'itoa'
         Generating Code...
         Skipping... (no relevant changes detected)
         AppDelegate.cpp
         IntroLayer.cpp
       ResourceCompile:
         All outputs are up-to-date.
       ManifestResourceCompile:
         All outputs are up-to-date.
       Link:
         D:\vs2010\VC\bin\link.exe /ERRORREPORT:PROMPT /OUT:"D:\cc\cocos2d-2.0-x-2.0.4\snakev1\Debug.win32\snakev1.win32.exe" /INCREMENTAL /NOLOGO /LIBPATH:"D:\cc\cocos2d-2.0-x-2.0.4\snakev1\Debug.win32\\" libcocos2d.lib libExtensions.lib opengl32.lib glew32.lib libCocosDenshion.lib kernel32.lib user32.lib gdi32.lib winspool.lib comdlg32.lib advapi32.lib shell32.lib ole32.lib oleaut32.lib uuid.lib odbc32.lib odbccp32.lib /MANIFEST /ManifestFile:"Debug.win32\snakev1.win32.exe.intermediate.manifest" /MANIFESTUAC:"level='asInvoker' uiAccess='false'" /DEBUG /PDB:"D:\cc\cocos2d-2.0-x-2.0.4\snakev1\Debug.win32\snakev1.win32.pdb" /SUBSYSTEM:WINDOWS /TLBID:1 /DYNAMICBASE /NXCOMPAT /IMPLIB:"D:\cc\cocos2d-2.0-x-2.0.4\snakev1\Debug.win32\snakev1.win32.lib" /MACHINE:X86 Debug.win32\snakev1.res
         Debug.win32\snakev1.win32.exe.embed.manifest.res
         Debug.win32\AppDelegate.obj
         Debug.win32\SnakeScene.obj
         Debug.win32\IntroLayer.obj
         Debug.win32\main.obj
       Manifest:
         C:\Program Files (x86)\Microsoft SDKs\Windows\v7.0A\bin\mt.exe /nologo /verbose /out:"Debug.win32\snakev1.win32.exe.embed.manifest" /manifest Debug.win32\snakev1.win32.exe.intermediate.manifest
         All outputs are up-to-date.
       LinkEmbedManifest:
         All outputs are up-to-date.
         snakev1.win32.vcxproj -> D:\cc\cocos2d-2.0-x-2.0.4\snakev1\Debug.win32\snakev1.win32.exe
       FinalizeBuildStatus:
         Deleting file "Debug.win32\snakev1.win32.unsuccessfulbuild".
         Touching "Debug.win32\snakev1.win32.lastbuildstate".
     1>Done Building Project "D:\cc\cocos2d-2.0-x-2.0.4\snakev1\snakev1\proj.win32\snakev1.win32.vcxproj" (build target(s)).

Build succeeded.

Time Elapsed 00:00:05.57
